
ROM used: 3150 (10%)
          3150 (10%) including unused fragments

          4 Average locations per line
          24 Average locations per statement

RAM used: 16 (1%) at main() level
          42 (3%) worst case

Stack used: 5 worst case (out of 31 total available)

Lines Stmts  %   Files
----- ----- ---  -----
  106    50  38  Calculadora.c
  469     0   0  ..\..\..\..\Program Files\PICC\devices\18F4520.h
  187    58  45  lcdeasy.c
   71    22  17  KBD2.c
----- -----
  833   130 Total

Page ROM  %  RAM   Vol Diff  Functions:
---- --- --- ---   --- ----  ----------
0     38   1   1             @delay_ms1
0     20   0   0             @const72
0     26   0   1   134  2.2  lcd_send_nibble
0     48   1   3   249  3.8  lcd_send_byte
0     62   1   2   307  4.7  lcd_init
0     36   1   4   186  5.5  lcd_gotoxy
0     68   1   1   272  4.1  lcd_putc
0     32   1   0             @const98
0    148   2   8   867  8.7  kbd_getc
0    208   3   6   505  7.6  solicitarNumero
0    242   4  11             @MULFF
0     56   1   2             @ITOF
0    618  10  16             @ADDFF
0    452   7  11  1013  6.9  MAIN
0     64   1   5             @FTOSD
0    142   2  13             @DIV3232
0    378   6  13             @PRINTF_L32D_92FPFPF
0    120   2  10             @FLT
0      6   0   0             @const140
0     34   1   2             @PSTRINGC_92
0    348   6  14             @DIVFF

Program metrics:
    Functions               8
    Statements              130
    Comments                226
    Volume (V)              5272
    Difficilty (D)          41.7
    Effort to implement (E) 219674
    Time to implement (T)   3 hours, 23 minutes
    Est Delivered Bugs (B)  1
    Cyclomatic Complexity   18
    Maintainability (MI)    138

 Segment     Used  Free
-----------  ----  ----
00000-00002     4  0  
00004-07FFE  3146  29618  



